[2019-01-03 09:05:37,484][Thread-1:5684][task_id:django.server][basehttp.py:124][INFO]["GET /user/login/ HTTP/1.1" 200 2350]
[2019-01-03 09:05:37,484][Thread-1:5684][task_id:django.server][basehttp.py:124][INFO]["GET /user/login/ HTTP/1.1" 200 2350]
[2019-01-03 09:05:38,474][Thread-3:2364][task_id:django.server][basehttp.py:124][INFO]["GET /static/js/verificationNumbers.js HTTP/1.1" 304 0]
[2019-01-03 09:05:38,474][Thread-3:2364][task_id:django.server][basehttp.py:124][INFO]["GET /static/js/verificationNumbers.js HTTP/1.1" 304 0]
[2019-01-03 09:05:41,024][Thread-4:8520][task_id:django.request][base.py:93][WARNING][Not Found: /favicon.ico]
[2019-01-03 09:05:41,024][Thread-4:8520][task_id:django.request][base.py:93][WARNING][Not Found: /favicon.ico]
[2019-01-03 09:05:41,025][Thread-4:8520][task_id:django.server][basehttp.py:124][WARNING]["GET /favicon.ico HTTP/1.1" 404 2301]
[2019-01-03 09:05:41,025][Thread-4:8520][task_id:django.server][basehttp.py:124][WARNING]["GET /favicon.ico HTTP/1.1" 404 2301]
[2019-01-03 09:05:55,607][Thread-5:5660][task_id:django.server][basehttp.py:124][INFO]["POST /user/login/ HTTP/1.1" 302 0]
[2019-01-03 09:05:55,607][Thread-5:5660][task_id:django.server][basehttp.py:124][INFO]["POST /user/login/ HTTP/1.1" 302 0]
[2019-01-03 09:05:55,843][Thread-6:2712][task_id:django.server][basehttp.py:124][INFO]["GET /project_management/project/ HTTP/1.1" 200 14318]
[2019-01-03 09:05:55,843][Thread-6:2712][task_id:django.server][basehttp.py:124][INFO]["GET /project_management/project/ HTTP/1.1" 200 14318]
[2019-01-03 09:05:56,001][Thread-8:8308][task_id:django.server][basehttp.py:124][INFO]["GET /static/js/echarts.js HTTP/1.1" 304 0]
[2019-01-03 09:05:56,001][Thread-8:8308][task_id:django.server][basehttp.py:124][INFO]["GET /static/js/echarts.js HTTP/1.1" 304 0]
[2019-01-03 09:05:56,041][Thread-7:12132][task_id:django.server][basehttp.py:124][INFO]["GET /static/My97DatePicker/4.8/WdatePicker.js HTTP/1.1" 304 0]
[2019-01-03 09:05:56,041][Thread-7:12132][task_id:django.server][basehttp.py:124][INFO]["GET /static/My97DatePicker/4.8/WdatePicker.js HTTP/1.1" 304 0]
[2019-01-03 09:05:56,073][Thread-9:8204][task_id:django.server][basehttp.py:124][INFO]["GET /static/h-ui.admin/css/H-ui.admin.css HTTP/1.1" 304 0]
[2019-01-03 09:05:56,073][Thread-9:8204][task_id:django.server][basehttp.py:124][INFO]["GET /static/h-ui.admin/css/H-ui.admin.css HTTP/1.1" 304 0]
[2019-01-03 09:05:56,086][Thread-10:9908][task_id:django.server][basehttp.py:124][INFO]["GET /static/laypage/1.2/laypage.js HTTP/1.1" 304 0]
[2019-01-03 09:05:56,086][Thread-10:9908][task_id:django.server][basehttp.py:124][INFO]["GET /static/laypage/1.2/laypage.js HTTP/1.1" 304 0]
[2019-01-03 09:05:56,105][Thread-11:12088][task_id:django.server][basehttp.py:124][INFO]["GET /static/Hui-iconfont/1.0.8/iconfont.css HTTP/1.1" 304 0]
[2019-01-03 09:05:56,105][Thread-11:12088][task_id:django.server][basehttp.py:124][INFO]["GET /static/Hui-iconfont/1.0.8/iconfont.css HTTP/1.1" 304 0]
[2019-01-03 09:05:56,149][Thread-12:1400][task_id:django.server][basehttp.py:124][INFO]["GET /static/datatables/1.10.0/jquery.dataTables.min.js HTTP/1.1" 304 0]
[2019-01-03 09:05:56,149][Thread-12:1400][task_id:django.server][basehttp.py:124][INFO]["GET /static/datatables/1.10.0/jquery.dataTables.min.js HTTP/1.1" 304 0]
[2019-01-03 09:05:56,183][Thread-14:1244][task_id:django.server][basehttp.py:124][INFO]["GET /static/h-ui.admin/js/H-ui.admin.page.js HTTP/1.1" 304 0]
[2019-01-03 09:05:56,183][Thread-14:1244][task_id:django.server][basehttp.py:124][INFO]["GET /static/h-ui.admin/js/H-ui.admin.page.js HTTP/1.1" 304 0]
[2019-01-03 09:05:56,201][Thread-13:11904][task_id:django.server][basehttp.py:124][INFO]["GET /static/h-ui/js/H-ui.js HTTP/1.1" 304 0]
[2019-01-03 09:05:56,201][Thread-13:11904][task_id:django.server][basehttp.py:124][INFO]["GET /static/h-ui/js/H-ui.js HTTP/1.1" 304 0]
[2019-01-03 09:06:02,665][Thread-15:10264][task_id:django.server][basehttp.py:124][INFO]["GET /project_management/graph_simple/ HTTP/1.1" 200 15072]
[2019-01-03 09:06:02,665][Thread-15:10264][task_id:django.server][basehttp.py:124][INFO]["GET /project_management/graph_simple/ HTTP/1.1" 200 15072]
[2019-01-03 09:06:04,994][Thread-16:1364][task_id:django.server][basehttp.py:124][INFO]["GET /project_management/project/ HTTP/1.1" 200 14318]
[2019-01-03 09:06:04,994][Thread-16:1364][task_id:django.server][basehttp.py:124][INFO]["GET /project_management/project/ HTTP/1.1" 200 14318]
[2019-01-03 09:06:08,584][Thread-17:2932][task_id:django.server][basehttp.py:124][INFO]["GET /project_management/pro_details/?id=10 HTTP/1.1" 200 12361]
[2019-01-03 09:06:08,584][Thread-17:2932][task_id:django.server][basehttp.py:124][INFO]["GET /project_management/pro_details/?id=10 HTTP/1.1" 200 12361]
[2019-01-03 09:06:16,139][Thread-19:9200][task_id:django.server][basehttp.py:124][INFO]["GET /project_management/add_project_stage?id=10 HTTP/1.1" 301 0]
[2019-01-03 09:06:16,139][Thread-19:9200][task_id:django.server][basehttp.py:124][INFO]["GET /project_management/add_project_stage?id=10 HTTP/1.1" 301 0]
[2019-01-03 09:06:16,281][Thread-20:3816][task_id:django.server][basehttp.py:124][INFO]["GET /project_management/add_project_stage/?id=10 HTTP/1.1" 200 6379]
[2019-01-03 09:06:16,281][Thread-20:3816][task_id:django.server][basehttp.py:124][INFO]["GET /project_management/add_project_stage/?id=10 HTTP/1.1" 200 6379]
[2019-01-03 09:06:16,426][Thread-22:10048][task_id:django.server][basehttp.py:124][INFO]["GET /static/js/check.js HTTP/1.1" 304 0]
[2019-01-03 09:06:16,426][Thread-22:10048][task_id:django.server][basehttp.py:124][INFO]["GET /static/js/check.js HTTP/1.1" 304 0]
[2019-01-03 09:06:16,463][Thread-21:2656][task_id:django.server][basehttp.py:124][INFO]["GET /static/jquery/1.9.1/jquery.js HTTP/1.1" 304 0]
[2019-01-03 09:06:16,463][Thread-21:2656][task_id:django.server][basehttp.py:124][INFO]["GET /static/jquery/1.9.1/jquery.js HTTP/1.1" 304 0]
[2019-01-03 09:07:35,170][Thread-23:8152][task_id:django.server][basehttp.py:124][INFO]["POST /project_management/add_project_stage/ HTTP/1.1" 200 1722]
[2019-01-03 09:07:35,170][Thread-23:8152][task_id:django.server][basehttp.py:124][INFO]["POST /project_management/add_project_stage/ HTTP/1.1" 200 1722]
[2019-01-03 09:07:37,781][Thread-24:3552][task_id:django.server][basehttp.py:124][INFO]["GET /project_management/pro_details/?id=10 HTTP/1.1" 200 13586]
[2019-01-03 09:07:37,781][Thread-24:3552][task_id:django.server][basehttp.py:124][INFO]["GET /project_management/pro_details/?id=10 HTTP/1.1" 200 13586]
[2019-01-03 09:07:38,024][Thread-25:6328][task_id:django.server][basehttp.py:124][INFO]["GET /static/images/icon/favicon.ico HTTP/1.1" 200 318]
[2019-01-03 09:07:38,024][Thread-25:6328][task_id:django.server][basehttp.py:124][INFO]["GET /static/images/icon/favicon.ico HTTP/1.1" 200 318]
[2019-01-03 09:07:39,164][Thread-26:3124][task_id:django.server][basehttp.py:124][INFO]["GET /project_management/add_project_stage/?id=10 HTTP/1.1" 200 6379]
[2019-01-03 09:07:39,164][Thread-26:3124][task_id:django.server][basehttp.py:124][INFO]["GET /project_management/add_project_stage/?id=10 HTTP/1.1" 200 6379]
[2019-01-03 09:08:25,387][Thread-27:3816][task_id:django.server][basehttp.py:124][INFO]["POST /project_management/add_project_stage/ HTTP/1.1" 200 1722]
[2019-01-03 09:08:25,387][Thread-27:3816][task_id:django.server][basehttp.py:124][INFO]["POST /project_management/add_project_stage/ HTTP/1.1" 200 1722]
[2019-01-03 09:08:28,745][Thread-28:7756][task_id:django.server][basehttp.py:124][INFO]["GET /project_management/pro_details/?id=10 HTTP/1.1" 200 14813]
[2019-01-03 09:08:28,745][Thread-28:7756][task_id:django.server][basehttp.py:124][INFO]["GET /project_management/pro_details/?id=10 HTTP/1.1" 200 14813]
[2019-01-03 09:08:29,031][Thread-29:1012][task_id:django.server][basehttp.py:124][INFO]["GET /static/images/icon/favicon.ico HTTP/1.1" 200 318]
[2019-01-03 09:08:29,031][Thread-29:1012][task_id:django.server][basehttp.py:124][INFO]["GET /static/images/icon/favicon.ico HTTP/1.1" 200 318]
[2019-01-03 09:08:29,710][Thread-30:11580][task_id:django.server][basehttp.py:124][INFO]["GET /project_management/add_project_stage/?id=10 HTTP/1.1" 200 6379]
[2019-01-03 09:08:29,710][Thread-30:11580][task_id:django.server][basehttp.py:124][INFO]["GET /project_management/add_project_stage/?id=10 HTTP/1.1" 200 6379]
[2019-01-03 09:09:34,637][Thread-31:2712][task_id:django.server][basehttp.py:124][INFO]["POST /project_management/add_project_stage/ HTTP/1.1" 200 1722]
[2019-01-03 09:09:34,637][Thread-31:2712][task_id:django.server][basehttp.py:124][INFO]["POST /project_management/add_project_stage/ HTTP/1.1" 200 1722]
[2019-01-03 09:09:36,332][Thread-32:10000][task_id:django.server][basehttp.py:124][INFO]["GET /project_management/pro_details/?id=10 HTTP/1.1" 200 16042]
[2019-01-03 09:09:36,332][Thread-32:10000][task_id:django.server][basehttp.py:124][INFO]["GET /project_management/pro_details/?id=10 HTTP/1.1" 200 16042]
[2019-01-03 09:09:36,618][Thread-33:1616][task_id:django.server][basehttp.py:124][INFO]["GET /static/images/icon/favicon.ico HTTP/1.1" 200 318]
[2019-01-03 09:09:36,618][Thread-33:1616][task_id:django.server][basehttp.py:124][INFO]["GET /static/images/icon/favicon.ico HTTP/1.1" 200 318]
[2019-01-03 09:09:37,668][Thread-34:9108][task_id:django.server][basehttp.py:124][INFO]["GET /project_management/pro_schedule?id=10 HTTP/1.1" 301 0]
[2019-01-03 09:09:37,668][Thread-34:9108][task_id:django.server][basehttp.py:124][INFO]["GET /project_management/pro_schedule?id=10 HTTP/1.1" 301 0]
[2019-01-03 09:09:37,756][Thread-35:8952][task_id:django.server][basehttp.py:124][INFO]["GET /project_management/pro_schedule/?id=10 HTTP/1.1" 200 13810]
[2019-01-03 09:09:37,756][Thread-35:8952][task_id:django.server][basehttp.py:124][INFO]["GET /project_management/pro_schedule/?id=10 HTTP/1.1" 200 13810]
[2019-01-03 09:09:51,188][Thread-36:10364][task_id:django.server][basehttp.py:124][INFO]["GET /project_management/project/ HTTP/1.1" 200 14318]
[2019-01-03 09:09:51,188][Thread-36:10364][task_id:django.server][basehttp.py:124][INFO]["GET /project_management/project/ HTTP/1.1" 200 14318]
[2019-01-03 09:09:55,924][Thread-37:208][task_id:django.server][basehttp.py:124][INFO]["GET /project_management/add_project/ HTTP/1.1" 200 6814]
[2019-01-03 09:09:55,924][Thread-37:208][task_id:django.server][basehttp.py:124][INFO]["GET /project_management/add_project/ HTTP/1.1" 200 6814]
[2019-01-03 09:10:15,784][Thread-38:540][task_id:django.server][basehttp.py:124][INFO]["POST /project_management/add_project/ HTTP/1.1" 200 1722]
[2019-01-03 09:10:15,784][Thread-38:540][task_id:django.server][basehttp.py:124][INFO]["POST /project_management/add_project/ HTTP/1.1" 200 1722]
[2019-01-03 09:10:18,637][Thread-39:5344][task_id:django.server][basehttp.py:124][INFO]["GET /project_management/project/ HTTP/1.1" 200 15732]
[2019-01-03 09:10:18,637][Thread-39:5344][task_id:django.server][basehttp.py:124][INFO]["GET /project_management/project/ HTTP/1.1" 200 15732]
[2019-01-03 09:10:19,396][Thread-40:4848][task_id:django.server][basehttp.py:124][INFO]["GET /static/images/icon/favicon.ico HTTP/1.1" 200 318]
[2019-01-03 09:10:19,396][Thread-40:4848][task_id:django.server][basehttp.py:124][INFO]["GET /static/images/icon/favicon.ico HTTP/1.1" 200 318]
[2019-01-03 09:10:26,175][Thread-41:7904][task_id:django.server][basehttp.py:124][INFO]["GET /project_management/pro_details/?id=10 HTTP/1.1" 200 16042]
[2019-01-03 09:10:26,175][Thread-41:7904][task_id:django.server][basehttp.py:124][INFO]["GET /project_management/pro_details/?id=10 HTTP/1.1" 200 16042]
[2019-01-03 09:10:28,630][Thread-42:6844][task_id:django.server][basehttp.py:124][INFO]["GET /project_management/add_project_stage/?id=10 HTTP/1.1" 200 6379]
[2019-01-03 09:10:28,630][Thread-42:6844][task_id:django.server][basehttp.py:124][INFO]["GET /project_management/add_project_stage/?id=10 HTTP/1.1" 200 6379]
[2019-01-03 09:11:09,562][Thread-43:7196][task_id:django.server][basehttp.py:124][INFO]["POST /project_management/add_project_stage/ HTTP/1.1" 200 1722]
[2019-01-03 09:11:09,562][Thread-43:7196][task_id:django.server][basehttp.py:124][INFO]["POST /project_management/add_project_stage/ HTTP/1.1" 200 1722]
[2019-01-03 09:11:11,444][Thread-44:11872][task_id:django.server][basehttp.py:124][INFO]["GET /project_management/pro_details/?id=10 HTTP/1.1" 200 17261]
[2019-01-03 09:11:11,444][Thread-44:11872][task_id:django.server][basehttp.py:124][INFO]["GET /project_management/pro_details/?id=10 HTTP/1.1" 200 17261]
[2019-01-03 09:11:11,796][Thread-45:10280][task_id:django.server][basehttp.py:124][INFO]["GET /static/images/icon/favicon.ico HTTP/1.1" 200 318]
[2019-01-03 09:11:11,796][Thread-45:10280][task_id:django.server][basehttp.py:124][INFO]["GET /static/images/icon/favicon.ico HTTP/1.1" 200 318]
[2019-01-03 09:11:12,771][Thread-46:1408][task_id:django.server][basehttp.py:124][INFO]["GET /project_management/add_project_stage/?id=10 HTTP/1.1" 200 6379]
[2019-01-03 09:11:12,771][Thread-46:1408][task_id:django.server][basehttp.py:124][INFO]["GET /project_management/add_project_stage/?id=10 HTTP/1.1" 200 6379]
[2019-01-03 09:11:48,423][Thread-47:9016][task_id:django.server][basehttp.py:124][INFO]["POST /project_management/add_project_stage/ HTTP/1.1" 200 1722]
[2019-01-03 09:11:48,423][Thread-47:9016][task_id:django.server][basehttp.py:124][INFO]["POST /project_management/add_project_stage/ HTTP/1.1" 200 1722]
[2019-01-03 09:11:51,378][Thread-48:6328][task_id:django.server][basehttp.py:124][INFO]["GET /project_management/pro_details/?id=10 HTTP/1.1" 200 18480]
[2019-01-03 09:11:51,378][Thread-48:6328][task_id:django.server][basehttp.py:124][INFO]["GET /project_management/pro_details/?id=10 HTTP/1.1" 200 18480]
[2019-01-03 09:11:51,671][Thread-49:764][task_id:django.server][basehttp.py:124][INFO]["GET /static/images/icon/favicon.ico HTTP/1.1" 200 318]
[2019-01-03 09:11:51,671][Thread-49:764][task_id:django.server][basehttp.py:124][INFO]["GET /static/images/icon/favicon.ico HTTP/1.1" 200 318]
[2019-01-03 09:11:52,517][Thread-50:10116][task_id:django.server][basehttp.py:124][INFO]["GET /project_management/add_project_stage/?id=10 HTTP/1.1" 200 6379]
[2019-01-03 09:11:52,517][Thread-50:10116][task_id:django.server][basehttp.py:124][INFO]["GET /project_management/add_project_stage/?id=10 HTTP/1.1" 200 6379]
[2019-01-03 09:14:29,339][Thread-51:7336][task_id:django.server][basehttp.py:124][INFO]["POST /project_management/add_project_stage/ HTTP/1.1" 200 1722]
[2019-01-03 09:14:29,339][Thread-51:7336][task_id:django.server][basehttp.py:124][INFO]["POST /project_management/add_project_stage/ HTTP/1.1" 200 1722]
[2019-01-03 09:14:31,828][Thread-52:6092][task_id:django.server][basehttp.py:124][INFO]["GET /project_management/pro_details/?id=10 HTTP/1.1" 200 19709]
[2019-01-03 09:14:31,828][Thread-52:6092][task_id:django.server][basehttp.py:124][INFO]["GET /project_management/pro_details/?id=10 HTTP/1.1" 200 19709]
[2019-01-03 09:14:32,277][Thread-53:8932][task_id:django.server][basehttp.py:124][INFO]["GET /static/images/icon/favicon.ico HTTP/1.1" 200 318]
[2019-01-03 09:14:32,277][Thread-53:8932][task_id:django.server][basehttp.py:124][INFO]["GET /static/images/icon/favicon.ico HTTP/1.1" 200 318]
[2019-01-03 09:14:33,153][Thread-54:10208][task_id:django.server][basehttp.py:124][INFO]["GET /project_management/add_project_stage/?id=10 HTTP/1.1" 200 6379]
[2019-01-03 09:14:33,153][Thread-54:10208][task_id:django.server][basehttp.py:124][INFO]["GET /project_management/add_project_stage/?id=10 HTTP/1.1" 200 6379]
[2019-01-03 09:15:53,331][Thread-55:3280][task_id:django.server][basehttp.py:124][INFO]["POST /project_management/add_project_stage/ HTTP/1.1" 200 1722]
[2019-01-03 09:15:53,331][Thread-55:3280][task_id:django.server][basehttp.py:124][INFO]["POST /project_management/add_project_stage/ HTTP/1.1" 200 1722]
[2019-01-03 09:15:55,146][Thread-56:8616][task_id:django.server][basehttp.py:124][INFO]["GET /project_management/pro_details/?id=10 HTTP/1.1" 200 20932]
[2019-01-03 09:15:55,146][Thread-56:8616][task_id:django.server][basehttp.py:124][INFO]["GET /project_management/pro_details/?id=10 HTTP/1.1" 200 20932]
[2019-01-03 09:15:55,669][Thread-58:5760][task_id:django.server][basehttp.py:124][INFO]["GET /static/images/icon/favicon.ico HTTP/1.1" 200 318]
[2019-01-03 09:15:55,669][Thread-58:5760][task_id:django.server][basehttp.py:124][INFO]["GET /static/images/icon/favicon.ico HTTP/1.1" 200 318]
[2019-01-03 09:15:56,304][Thread-59:5828][task_id:django.server][basehttp.py:124][INFO]["GET /project_management/pro_details/?id=10 HTTP/1.1" 200 20932]
[2019-01-03 09:15:56,304][Thread-59:5828][task_id:django.server][basehttp.py:124][INFO]["GET /project_management/pro_details/?id=10 HTTP/1.1" 200 20932]
[2019-01-03 09:15:56,515][Thread-60:7256][task_id:django.server][basehttp.py:124][INFO]["GET /static/images/icon/favicon.ico HTTP/1.1" 200 318]
[2019-01-03 09:15:56,515][Thread-60:7256][task_id:django.server][basehttp.py:124][INFO]["GET /static/images/icon/favicon.ico HTTP/1.1" 200 318]
[2019-01-03 09:16:03,457][Thread-61:10596][task_id:django.server][basehttp.py:124][INFO]["GET /project_management/pro_schedule/?id=10 HTTP/1.1" 200 13974]
[2019-01-03 09:16:03,457][Thread-61:10596][task_id:django.server][basehttp.py:124][INFO]["GET /project_management/pro_schedule/?id=10 HTTP/1.1" 200 13974]
[2019-01-03 09:16:32,368][Thread-63:10008][task_id:django.server][basehttp.py:124][INFO]["GET /project_management/project/ HTTP/1.1" 200 15732]
[2019-01-03 09:16:32,368][Thread-63:10008][task_id:django.server][basehttp.py:124][INFO]["GET /project_management/project/ HTTP/1.1" 200 15732]
[2019-01-03 09:16:36,483][Thread-65:1504][task_id:django.server][basehttp.py:124][INFO]["GET /project_management/pro_details/?id=10 HTTP/1.1" 200 20932]
[2019-01-03 09:16:36,483][Thread-65:1504][task_id:django.server][basehttp.py:124][INFO]["GET /project_management/pro_details/?id=10 HTTP/1.1" 200 20932]
[2019-01-03 09:16:40,615][Thread-66:1508][task_id:django.server][basehttp.py:124][INFO]["GET /project_management/project/ HTTP/1.1" 200 15732]
[2019-01-03 09:16:40,615][Thread-66:1508][task_id:django.server][basehttp.py:124][INFO]["GET /project_management/project/ HTTP/1.1" 200 15732]
[2019-01-03 09:16:43,684][Thread-67:3272][task_id:django.server][basehttp.py:124][INFO]["GET /project_management/edit_project?id=10&p_num=0001&p_name=%E9%A1%B9%E7%9B%AE%E4%B8%80&start_time=2018%E5%B9%B48%E6%9C%8828%E6%97%A5&stop_time=2018%E5%B9%B412%E6%9C%8828%E6%97%A5 HTTP/1.1" 301 0]
[2019-01-03 09:16:43,684][Thread-67:3272][task_id:django.server][basehttp.py:124][INFO]["GET /project_management/edit_project?id=10&p_num=0001&p_name=%E9%A1%B9%E7%9B%AE%E4%B8%80&start_time=2018%E5%B9%B48%E6%9C%8828%E6%97%A5&stop_time=2018%E5%B9%B412%E6%9C%8828%E6%97%A5 HTTP/1.1" 301 0]
[2019-01-03 09:16:43,753][Thread-68:11404][task_id:django.server][basehttp.py:124][INFO]["GET /project_management/edit_project/?id=10&p_num=0001&p_name=%E9%A1%B9%E7%9B%AE%E4%B8%80&start_time=2018%E5%B9%B48%E6%9C%8828%E6%97%A5&stop_time=2018%E5%B9%B412%E6%9C%8828%E6%97%A5 HTTP/1.1" 200 6883]
[2019-01-03 09:16:43,753][Thread-68:11404][task_id:django.server][basehttp.py:124][INFO]["GET /project_management/edit_project/?id=10&p_num=0001&p_name=%E9%A1%B9%E7%9B%AE%E4%B8%80&start_time=2018%E5%B9%B48%E6%9C%8828%E6%97%A5&stop_time=2018%E5%B9%B412%E6%9C%8828%E6%97%A5 HTTP/1.1" 200 6883]
[2019-01-03 09:17:05,205][Thread-69:8176][task_id:django.server][basehttp.py:124][INFO]["POST /project_management/edit_project/ HTTP/1.1" 200 1722]
[2019-01-03 09:17:05,205][Thread-69:8176][task_id:django.server][basehttp.py:124][INFO]["POST /project_management/edit_project/ HTTP/1.1" 200 1722]
[2019-01-03 09:17:09,048][Thread-70:6676][task_id:django.server][basehttp.py:124][INFO]["GET /project_management/project/ HTTP/1.1" 200 15728]
[2019-01-03 09:17:09,048][Thread-70:6676][task_id:django.server][basehttp.py:124][INFO]["GET /project_management/project/ HTTP/1.1" 200 15728]
[2019-01-03 09:17:09,326][Thread-71:10036][task_id:django.server][basehttp.py:124][INFO]["GET /static/images/icon/favicon.ico HTTP/1.1" 200 318]
[2019-01-03 09:17:09,326][Thread-71:10036][task_id:django.server][basehttp.py:124][INFO]["GET /static/images/icon/favicon.ico HTTP/1.1" 200 318]
[2019-01-03 09:17:24,780][Thread-72:9280][task_id:django.server][basehttp.py:124][INFO]["GET /project_management/add_project/ HTTP/1.1" 200 6814]
[2019-01-03 09:17:24,780][Thread-72:9280][task_id:django.server][basehttp.py:124][INFO]["GET /project_management/add_project/ HTTP/1.1" 200 6814]
[2019-01-03 09:17:45,701][Thread-73:9652][task_id:django.server][basehttp.py:124][INFO]["POST /project_management/add_project/ HTTP/1.1" 200 1722]
[2019-01-03 09:17:45,701][Thread-73:9652][task_id:django.server][basehttp.py:124][INFO]["POST /project_management/add_project/ HTTP/1.1" 200 1722]
[2019-01-03 09:17:47,585][Thread-74:6296][task_id:django.server][basehttp.py:124][INFO]["GET /project_management/project/ HTTP/1.1" 200 17146]
[2019-01-03 09:17:47,585][Thread-74:6296][task_id:django.server][basehttp.py:124][INFO]["GET /project_management/project/ HTTP/1.1" 200 17146]
[2019-01-03 09:17:47,879][Thread-75:11852][task_id:django.server][basehttp.py:124][INFO]["GET /static/images/icon/favicon.ico HTTP/1.1" 200 318]
[2019-01-03 09:17:47,879][Thread-75:11852][task_id:django.server][basehttp.py:124][INFO]["GET /static/images/icon/favicon.ico HTTP/1.1" 200 318]
[2019-01-03 09:17:55,635][Thread-76:8352][task_id:django.server][basehttp.py:124][INFO]["GET /system/operation_log/ HTTP/1.1" 200 125776]
[2019-01-03 09:17:55,635][Thread-76:8352][task_id:django.server][basehttp.py:124][INFO]["GET /system/operation_log/ HTTP/1.1" 200 125776]
[2019-01-03 09:18:53,755][Thread-78:8260][task_id:django.server][basehttp.py:124][INFO]["GET /user/admin_list/ HTTP/1.1" 200 17238]
[2019-01-03 09:18:53,755][Thread-78:8260][task_id:django.server][basehttp.py:124][INFO]["GET /user/admin_list/ HTTP/1.1" 200 17238]
[2019-01-03 09:19:13,780][Thread-80:5628][task_id:django.server][basehttp.py:124][INFO]["GET /system/version_info/ HTTP/1.1" 200 14949]
[2019-01-03 09:19:13,780][Thread-80:5628][task_id:django.server][basehttp.py:124][INFO]["GET /system/version_info/ HTTP/1.1" 200 14949]
[2019-01-03 09:19:22,136][Thread-82:4008][task_id:django.request][base.py:93][WARNING][Not Found: /system/version_info/admin-add.html]
[2019-01-03 09:19:22,136][Thread-82:4008][task_id:django.request][base.py:93][WARNING][Not Found: /system/version_info/admin-add.html]
[2019-01-03 09:19:22,138][Thread-82:4008][task_id:django.server][basehttp.py:124][WARNING]["GET /system/version_info/admin-add.html HTTP/1.1" 404 2767]
[2019-01-03 09:19:22,138][Thread-82:4008][task_id:django.server][basehttp.py:124][WARNING]["GET /system/version_info/admin-add.html HTTP/1.1" 404 2767]
[2019-01-03 09:26:18,688][Thread-83:9896][task_id:django.server][basehttp.py:124][WARNING]["GET /static/js/echarts.js.map HTTP/1.1" 404 1675]
[2019-01-03 09:26:18,688][Thread-83:9896][task_id:django.server][basehttp.py:124][WARNING]["GET /static/js/echarts.js.map HTTP/1.1" 404 1675]
[2019-01-03 09:34:26,591][Thread-84:2708][task_id:django.server][basehttp.py:124][INFO]["GET /system/version_info/ HTTP/1.1" 200 15014]
[2019-01-03 09:34:26,591][Thread-84:2708][task_id:django.server][basehttp.py:124][INFO]["GET /system/version_info/ HTTP/1.1" 200 15014]
[2019-01-03 09:34:26,961][Thread-85:11536][task_id:django.server][basehttp.py:124][INFO]["GET /static/images/icon/favicon.ico HTTP/1.1" 200 318]
[2019-01-03 09:34:26,961][Thread-85:11536][task_id:django.server][basehttp.py:124][INFO]["GET /static/images/icon/favicon.ico HTTP/1.1" 200 318]
[2019-01-03 09:34:39,109][Thread-86:1396][task_id:django.server][basehttp.py:124][INFO]["GET /project_management/project/ HTTP/1.1" 200 17211]
[2019-01-03 09:34:39,109][Thread-86:1396][task_id:django.server][basehttp.py:124][INFO]["GET /project_management/project/ HTTP/1.1" 200 17211]
[2019-01-03 09:34:44,569][Thread-88:11456][task_id:django.server][basehttp.py:124][INFO]["GET /user/admin_list/ HTTP/1.1" 200 17303]
[2019-01-03 09:34:44,569][Thread-88:11456][task_id:django.server][basehttp.py:124][INFO]["GET /user/admin_list/ HTTP/1.1" 200 17303]
[2019-01-03 09:34:51,730][Thread-90:1780][task_id:django.server][basehttp.py:124][INFO]["GET /system/operation_log/ HTTP/1.1" 200 125841]
[2019-01-03 09:34:51,730][Thread-90:1780][task_id:django.server][basehttp.py:124][INFO]["GET /system/operation_log/ HTTP/1.1" 200 125841]
[2019-01-03 09:34:54,631][Thread-91:11420][task_id:django.server][basehttp.py:124][INFO]["GET /project_management/project/ HTTP/1.1" 200 17211]
[2019-01-03 09:34:54,631][Thread-91:11420][task_id:django.server][basehttp.py:124][INFO]["GET /project_management/project/ HTTP/1.1" 200 17211]
[2019-01-03 09:34:58,550][Thread-92:12044][task_id:django.server][basehttp.py:124][INFO]["GET /user/admin_list/ HTTP/1.1" 200 17303]
[2019-01-03 09:34:58,550][Thread-92:12044][task_id:django.server][basehttp.py:124][INFO]["GET /user/admin_list/ HTTP/1.1" 200 17303]
[2019-01-03 09:36:54,012][Thread-94:5360][task_id:django.server][basehttp.py:124][INFO]["GET /project_management/project/ HTTP/1.1" 200 17211]
[2019-01-03 09:36:54,012][Thread-94:5360][task_id:django.server][basehttp.py:124][INFO]["GET /project_management/project/ HTTP/1.1" 200 17211]
[2019-01-03 09:36:55,323][Thread-95:9008][task_id:django.server][basehttp.py:124][INFO]["GET /project_management/graph_simple/ HTTP/1.1" 200 15137]
[2019-01-03 09:36:55,323][Thread-95:9008][task_id:django.server][basehttp.py:124][INFO]["GET /project_management/graph_simple/ HTTP/1.1" 200 15137]
[2019-01-03 09:37:59,637][Thread-98:6264][task_id:django.server][basehttp.py:124][INFO]["GET /project_management/graph_simple/ HTTP/1.1" 200 15137]
[2019-01-03 09:37:59,637][Thread-98:6264][task_id:django.server][basehttp.py:124][INFO]["GET /project_management/graph_simple/ HTTP/1.1" 200 15137]
[2019-01-03 09:38:00,467][Thread-97:1176][task_id:django.server][basehttp.py:124][INFO]["GET /static/images/icon/favicon.ico HTTP/1.1" 200 318]
[2019-01-03 09:38:00,467][Thread-97:1176][task_id:django.server][basehttp.py:124][INFO]["GET /static/images/icon/favicon.ico HTTP/1.1" 200 318]
[2019-01-03 09:38:01,602][Thread-99:11656][task_id:django.server][basehttp.py:124][INFO]["GET /project_management/graph_simple/ HTTP/1.1" 200 15137]
[2019-01-03 09:38:01,602][Thread-99:11656][task_id:django.server][basehttp.py:124][INFO]["GET /project_management/graph_simple/ HTTP/1.1" 200 15137]
[2019-01-03 09:38:01,950][Thread-101:7064][task_id:django.server][basehttp.py:124][INFO]["GET /static/images/icon/favicon.ico HTTP/1.1" 200 318]
[2019-01-03 09:38:01,950][Thread-101:7064][task_id:django.server][basehttp.py:124][INFO]["GET /static/images/icon/favicon.ico HTTP/1.1" 200 318]
[2019-01-03 09:38:11,655][Thread-102:10280][task_id:django.server][basehttp.py:124][INFO]["GET /project_management/graph_simple/ HTTP/1.1" 200 15138]
[2019-01-03 09:38:11,655][Thread-102:10280][task_id:django.server][basehttp.py:124][INFO]["GET /project_management/graph_simple/ HTTP/1.1" 200 15138]
[2019-01-03 09:38:12,939][Thread-104:9924][task_id:django.server][basehttp.py:124][INFO]["GET /static/images/icon/favicon.ico HTTP/1.1" 200 318]
[2019-01-03 09:38:12,939][Thread-104:9924][task_id:django.server][basehttp.py:124][INFO]["GET /static/images/icon/favicon.ico HTTP/1.1" 200 318]
[2019-01-03 09:38:24,920][Thread-105:11852][task_id:django.server][basehttp.py:124][INFO]["GET /project_management/graph_simple/ HTTP/1.1" 200 15137]
[2019-01-03 09:38:24,920][Thread-105:11852][task_id:django.server][basehttp.py:124][INFO]["GET /project_management/graph_simple/ HTTP/1.1" 200 15137]
[2019-01-03 09:38:25,377][Thread-106:5296][task_id:django.server][basehttp.py:124][INFO]["GET /static/images/icon/favicon.ico HTTP/1.1" 200 318]
[2019-01-03 09:38:25,377][Thread-106:5296][task_id:django.server][basehttp.py:124][INFO]["GET /static/images/icon/favicon.ico HTTP/1.1" 200 318]
[2019-01-03 09:38:50,620][Thread-107:4712][task_id:django.server][basehttp.py:124][INFO]["GET /project_management/graph_simple/ HTTP/1.1" 200 15138]
[2019-01-03 09:38:50,620][Thread-107:4712][task_id:django.server][basehttp.py:124][INFO]["GET /project_management/graph_simple/ HTTP/1.1" 200 15138]
[2019-01-03 09:38:51,304][Thread-108:10900][task_id:django.server][basehttp.py:124][INFO]["GET /static/images/icon/favicon.ico HTTP/1.1" 200 318]
[2019-01-03 09:38:51,304][Thread-108:10900][task_id:django.server][basehttp.py:124][INFO]["GET /static/images/icon/favicon.ico HTTP/1.1" 200 318]
[2019-01-03 09:38:57,474][Thread-109:10496][task_id:django.server][basehttp.py:124][INFO]["GET /project_management/graph_simple/ HTTP/1.1" 200 15137]
[2019-01-03 09:38:57,474][Thread-109:10496][task_id:django.server][basehttp.py:124][INFO]["GET /project_management/graph_simple/ HTTP/1.1" 200 15137]
[2019-01-03 09:38:57,951][Thread-110:5060][task_id:django.server][basehttp.py:124][INFO]["GET /static/images/icon/favicon.ico HTTP/1.1" 200 318]
[2019-01-03 09:38:57,951][Thread-110:5060][task_id:django.server][basehttp.py:124][INFO]["GET /static/images/icon/favicon.ico HTTP/1.1" 200 318]
[2019-01-03 09:39:04,188][Thread-111:2320][task_id:django.server][basehttp.py:124][INFO]["GET /project_management/graph_simple/ HTTP/1.1" 200 15137]
[2019-01-03 09:39:04,188][Thread-111:2320][task_id:django.server][basehttp.py:124][INFO]["GET /project_management/graph_simple/ HTTP/1.1" 200 15137]
[2019-01-03 09:39:04,682][Thread-112:6648][task_id:django.server][basehttp.py:124][INFO]["GET /static/images/icon/favicon.ico HTTP/1.1" 200 318]
[2019-01-03 09:39:04,682][Thread-112:6648][task_id:django.server][basehttp.py:124][INFO]["GET /static/images/icon/favicon.ico HTTP/1.1" 200 318]
[2019-01-03 09:44:24,571][Thread-113:5652][task_id:django.server][basehttp.py:124][INFO]["GET /project_management/graph_simple/ HTTP/1.1" 200 15176]
[2019-01-03 09:44:24,571][Thread-113:5652][task_id:django.server][basehttp.py:124][INFO]["GET /project_management/graph_simple/ HTTP/1.1" 200 15176]
[2019-01-03 09:44:25,176][Thread-114:1740][task_id:django.server][basehttp.py:124][INFO]["GET /static/images/icon/favicon.ico HTTP/1.1" 200 318]
[2019-01-03 09:44:25,176][Thread-114:1740][task_id:django.server][basehttp.py:124][INFO]["GET /static/images/icon/favicon.ico HTTP/1.1" 200 318]
[2019-01-03 09:49:24,635][Thread-115:1788][task_id:django.server][basehttp.py:124][INFO]["GET /project_management/graph_simple/ HTTP/1.1" 200 15140]
[2019-01-03 09:49:24,635][Thread-115:1788][task_id:django.server][basehttp.py:124][INFO]["GET /project_management/graph_simple/ HTTP/1.1" 200 15140]
[2019-01-03 09:49:25,516][Thread-116:2372][task_id:django.server][basehttp.py:124][INFO]["GET /static/images/icon/favicon.ico HTTP/1.1" 200 318]
[2019-01-03 09:49:25,516][Thread-116:2372][task_id:django.server][basehttp.py:124][INFO]["GET /static/images/icon/favicon.ico HTTP/1.1" 200 318]
[2019-01-03 09:50:19,887][Thread-117:11244][task_id:django.server][basehttp.py:124][INFO]["GET /project_management/graph_simple/ HTTP/1.1" 200 15190]
[2019-01-03 09:50:19,887][Thread-117:11244][task_id:django.server][basehttp.py:124][INFO]["GET /project_management/graph_simple/ HTTP/1.1" 200 15190]
[2019-01-03 09:50:20,460][Thread-118:8752][task_id:django.server][basehttp.py:124][INFO]["GET /static/images/icon/favicon.ico HTTP/1.1" 200 318]
[2019-01-03 09:50:20,460][Thread-118:8752][task_id:django.server][basehttp.py:124][INFO]["GET /static/images/icon/favicon.ico HTTP/1.1" 200 318]
[2019-01-03 09:50:22,434][Thread-119:5920][task_id:django.server][basehttp.py:124][INFO]["GET /project_management/graph_simple/ HTTP/1.1" 200 15190]
[2019-01-03 09:50:22,434][Thread-119:5920][task_id:django.server][basehttp.py:124][INFO]["GET /project_management/graph_simple/ HTTP/1.1" 200 15190]
[2019-01-03 09:50:22,743][Thread-120:10040][task_id:django.server][basehttp.py:124][INFO]["GET /static/images/icon/favicon.ico HTTP/1.1" 200 318]
[2019-01-03 09:50:22,743][Thread-120:10040][task_id:django.server][basehttp.py:124][INFO]["GET /static/images/icon/favicon.ico HTTP/1.1" 200 318]
[2019-01-03 09:50:23,547][Thread-121:2708][task_id:django.server][basehttp.py:124][INFO]["GET /project_management/graph_simple/ HTTP/1.1" 200 15190]
[2019-01-03 09:50:23,547][Thread-121:2708][task_id:django.server][basehttp.py:124][INFO]["GET /project_management/graph_simple/ HTTP/1.1" 200 15190]
[2019-01-03 09:50:23,843][Thread-122:5992][task_id:django.server][basehttp.py:124][INFO]["GET /static/images/icon/favicon.ico HTTP/1.1" 200 318]
[2019-01-03 09:50:23,843][Thread-122:5992][task_id:django.server][basehttp.py:124][INFO]["GET /static/images/icon/favicon.ico HTTP/1.1" 200 318]
[2019-01-03 09:50:24,566][Thread-123:7288][task_id:django.server][basehttp.py:124][INFO]["GET /project_management/graph_simple/ HTTP/1.1" 200 15190]
[2019-01-03 09:50:24,566][Thread-123:7288][task_id:django.server][basehttp.py:124][INFO]["GET /project_management/graph_simple/ HTTP/1.1" 200 15190]
[2019-01-03 09:50:24,895][Thread-124:12044][task_id:django.server][basehttp.py:124][INFO]["GET /static/images/icon/favicon.ico HTTP/1.1" 200 318]
[2019-01-03 09:50:24,895][Thread-124:12044][task_id:django.server][basehttp.py:124][INFO]["GET /static/images/icon/favicon.ico HTTP/1.1" 200 318]
[2019-01-03 09:50:25,460][Thread-125:10436][task_id:django.server][basehttp.py:124][INFO]["GET /project_management/graph_simple/ HTTP/1.1" 200 15190]
[2019-01-03 09:50:25,460][Thread-125:10436][task_id:django.server][basehttp.py:124][INFO]["GET /project_management/graph_simple/ HTTP/1.1" 200 15190]
[2019-01-03 09:50:25,765][Thread-126:4600][task_id:django.server][basehttp.py:124][INFO]["GET /static/images/icon/favicon.ico HTTP/1.1" 200 318]
[2019-01-03 09:50:25,765][Thread-126:4600][task_id:django.server][basehttp.py:124][INFO]["GET /static/images/icon/favicon.ico HTTP/1.1" 200 318]
[2019-01-03 09:55:51,994][Thread-127:836][task_id:django.server][basehttp.py:124][INFO]["GET /project_management/graph_simple/ HTTP/1.1" 200 15238]
[2019-01-03 09:55:51,994][Thread-127:836][task_id:django.server][basehttp.py:124][INFO]["GET /project_management/graph_simple/ HTTP/1.1" 200 15238]
[2019-01-03 09:55:52,655][Thread-129:6200][task_id:django.server][basehttp.py:124][INFO]["GET /static/images/icon/favicon.ico HTTP/1.1" 200 318]
[2019-01-03 09:55:52,655][Thread-129:6200][task_id:django.server][basehttp.py:124][INFO]["GET /static/images/icon/favicon.ico HTTP/1.1" 200 318]
[2019-01-03 09:59:29,972][Thread-130:7820][task_id:django.server][basehttp.py:124][INFO]["GET /project_management/graph_simple/ HTTP/1.1" 200 15188]
[2019-01-03 09:59:29,972][Thread-130:7820][task_id:django.server][basehttp.py:124][INFO]["GET /project_management/graph_simple/ HTTP/1.1" 200 15188]
[2019-01-03 09:59:30,506][Thread-131:1724][task_id:django.server][basehttp.py:124][INFO]["GET /static/images/icon/favicon.ico HTTP/1.1" 200 318]
[2019-01-03 09:59:30,506][Thread-131:1724][task_id:django.server][basehttp.py:124][INFO]["GET /static/images/icon/favicon.ico HTTP/1.1" 200 318]
[2019-01-03 10:00:03,170][Thread-132:11828][task_id:django.server][basehttp.py:124][INFO]["GET /project_management/graph_simple/ HTTP/1.1" 200 15143]
[2019-01-03 10:00:03,170][Thread-132:11828][task_id:django.server][basehttp.py:124][INFO]["GET /project_management/graph_simple/ HTTP/1.1" 200 15143]
[2019-01-03 10:00:04,733][Thread-133:6384][task_id:django.server][basehttp.py:124][INFO]["GET /static/images/icon/favicon.ico HTTP/1.1" 200 318]
[2019-01-03 10:00:04,733][Thread-133:6384][task_id:django.server][basehttp.py:124][INFO]["GET /static/images/icon/favicon.ico HTTP/1.1" 200 318]
[2019-01-03 10:00:52,073][Thread-134:3200][task_id:django.server][basehttp.py:124][INFO]["GET /project_management/graph_simple/ HTTP/1.1" 200 15325]
[2019-01-03 10:00:52,073][Thread-134:3200][task_id:django.server][basehttp.py:124][INFO]["GET /project_management/graph_simple/ HTTP/1.1" 200 15325]
[2019-01-03 10:00:52,616][Thread-136:1848][task_id:django.server][basehttp.py:124][INFO]["GET /static/images/icon/favicon.ico HTTP/1.1" 200 318]
[2019-01-03 10:00:52,616][Thread-136:1848][task_id:django.server][basehttp.py:124][INFO]["GET /static/images/icon/favicon.ico HTTP/1.1" 200 318]
[2019-01-03 10:00:53,258][Thread-137:5804][task_id:django.server][basehttp.py:124][INFO]["GET /project_management/graph_simple/ HTTP/1.1" 200 15325]
[2019-01-03 10:00:53,258][Thread-137:5804][task_id:django.server][basehttp.py:124][INFO]["GET /project_management/graph_simple/ HTTP/1.1" 200 15325]
[2019-01-03 10:00:53,535][Thread-138:9324][task_id:django.server][basehttp.py:124][INFO]["GET /project_management/graph_simple/ HTTP/1.1" 200 15325]
[2019-01-03 10:00:53,535][Thread-138:9324][task_id:django.server][basehttp.py:124][INFO]["GET /project_management/graph_simple/ HTTP/1.1" 200 15325]
[2019-01-03 10:00:53,666][Thread-139:1124][task_id:django.server][basehttp.py:124][INFO]["GET /project_management/graph_simple/ HTTP/1.1" 200 15325]
[2019-01-03 10:00:53,666][Thread-139:1124][task_id:django.server][basehttp.py:124][INFO]["GET /project_management/graph_simple/ HTTP/1.1" 200 15325]
[2019-01-03 10:00:54,224][Thread-140:9756][task_id:django.server][basehttp.py:124][INFO]["GET /static/images/icon/favicon.ico HTTP/1.1" 200 318]
[2019-01-03 10:00:54,224][Thread-140:9756][task_id:django.server][basehttp.py:124][INFO]["GET /static/images/icon/favicon.ico HTTP/1.1" 200 318]
[2019-01-03 10:01:25,163][Thread-141:11648][task_id:django.server][basehttp.py:124][INFO]["GET /project_management/graph_simple/ HTTP/1.1" 200 15142]
[2019-01-03 10:01:25,163][Thread-141:11648][task_id:django.server][basehttp.py:124][INFO]["GET /project_management/graph_simple/ HTTP/1.1" 200 15142]
[2019-01-03 10:01:25,646][Thread-142:6156][task_id:django.server][basehttp.py:124][INFO]["GET /static/images/icon/favicon.ico HTTP/1.1" 200 318]
[2019-01-03 10:01:25,646][Thread-142:6156][task_id:django.server][basehttp.py:124][INFO]["GET /static/images/icon/favicon.ico HTTP/1.1" 200 318]
[2019-01-03 10:01:47,087][Thread-143:1456][task_id:django.server][basehttp.py:124][INFO]["GET /system/version_info/ HTTP/1.1" 200 15014]
[2019-01-03 10:01:47,087][Thread-143:1456][task_id:django.server][basehttp.py:124][INFO]["GET /system/version_info/ HTTP/1.1" 200 15014]
[2019-01-03 10:03:34,716][Thread-145:12160][task_id:django.request][base.py:93][WARNING][Not Found: /system/version_info/admin-add.html]
[2019-01-03 10:03:34,716][Thread-145:12160][task_id:django.request][base.py:93][WARNING][Not Found: /system/version_info/admin-add.html]
[2019-01-03 10:03:34,717][Thread-145:12160][task_id:django.server][basehttp.py:124][WARNING]["GET /system/version_info/admin-add.html HTTP/1.1" 404 2767]
[2019-01-03 10:03:34,717][Thread-145:12160][task_id:django.server][basehttp.py:124][WARNING]["GET /system/version_info/admin-add.html HTTP/1.1" 404 2767]
[2019-01-03 11:17:37,564][Thread-148:12556][task_id:django.server][basehttp.py:124][INFO]["GET /system/version_info/ HTTP/1.1" 200 15014]
[2019-01-03 11:17:37,564][Thread-148:12556][task_id:django.server][basehttp.py:124][INFO]["GET /system/version_info/ HTTP/1.1" 200 15014]
[2019-01-03 11:17:37,825][Thread-150:12764][task_id:django.server][basehttp.py:124][INFO]["GET /static/laypage/1.2/laypage.js HTTP/1.1" 200 4780]
[2019-01-03 11:17:37,825][Thread-150:12764][task_id:django.server][basehttp.py:124][INFO]["GET /static/laypage/1.2/laypage.js HTTP/1.1" 200 4780]
[2019-01-03 11:17:37,831][Thread-152:12464][task_id:django.server][basehttp.py:124][INFO]["GET /static/datatables/1.10.0/jquery.dataTables.min.js HTTP/1.1" 200 134571]
[2019-01-03 11:17:37,831][Thread-152:12464][task_id:django.server][basehttp.py:124][INFO]["GET /static/datatables/1.10.0/jquery.dataTables.min.js HTTP/1.1" 200 134571]
[2019-01-03 11:17:37,902][Thread-153:4916][task_id:django.server][basehttp.py:124][INFO]["GET /static/h-ui/css/H-ui.min.css HTTP/1.1" 200 152346]
[2019-01-03 11:17:37,902][Thread-153:4916][task_id:django.server][basehttp.py:124][INFO]["GET /static/h-ui/css/H-ui.min.css HTTP/1.1" 200 152346]
[2019-01-03 11:17:37,924][Thread-151:5456][task_id:django.server][basehttp.py:124][INFO]["GET /static/h-ui.admin/css/H-ui.admin.css HTTP/1.1" 200 9385]
[2019-01-03 11:17:37,924][Thread-151:5456][task_id:django.server][basehttp.py:124][INFO]["GET /static/h-ui.admin/css/H-ui.admin.css HTTP/1.1" 200 9385]
[2019-01-03 11:17:37,926][Thread-156:12780][task_id:django.server][basehttp.py:124][INFO]["GET /static/h-ui.admin/css/style.css HTTP/1.1" 200 44]
[2019-01-03 11:17:37,926][Thread-156:12780][task_id:django.server][basehttp.py:124][INFO]["GET /static/h-ui.admin/css/style.css HTTP/1.1" 200 44]
[2019-01-03 11:17:37,942][Thread-149:1480][task_id:django.server][basehttp.py:124][INFO]["GET /static/My97DatePicker/4.8/WdatePicker.js HTTP/1.1" 200 17243]
[2019-01-03 11:17:37,942][Thread-149:1480][task_id:django.server][basehttp.py:124][INFO]["GET /static/My97DatePicker/4.8/WdatePicker.js HTTP/1.1" 200 17243]
[2019-01-03 11:17:37,957][Thread-157:12840][task_id:django.server][basehttp.py:124][INFO]["GET /static/h-ui.admin/skin/default/skin.css HTTP/1.1" 200 1173]
[2019-01-03 11:17:37,957][Thread-157:12840][task_id:django.server][basehttp.py:124][INFO]["GET /static/h-ui.admin/skin/default/skin.css HTTP/1.1" 200 1173]
[2019-01-03 11:17:38,023][Thread-154:11904][task_id:django.server][basehttp.py:124][INFO]["GET /static/h-ui/js/H-ui.js HTTP/1.1" 200 383874]
[2019-01-03 11:17:38,023][Thread-154:11904][task_id:django.server][basehttp.py:124][INFO]["GET /static/h-ui/js/H-ui.js HTTP/1.1" 200 383874]
[2019-01-03 11:17:38,033][Thread-160:12736][task_id:django.server][basehttp.py:124][INFO]["GET /static/layer/2.4/layer.js HTTP/1.1" 200 29650]
[2019-01-03 11:17:38,033][Thread-160:12736][task_id:django.server][basehttp.py:124][INFO]["GET /static/layer/2.4/layer.js HTTP/1.1" 200 29650]
[2019-01-03 11:17:38,045][Thread-155:8528][task_id:django.server][basehttp.py:124][INFO]["GET /static/Hui-iconfont/1.0.8/iconfont.css HTTP/1.1" 200 19348]
[2019-01-03 11:17:38,045][Thread-155:8528][task_id:django.server][basehttp.py:124][INFO]["GET /static/Hui-iconfont/1.0.8/iconfont.css HTTP/1.1" 200 19348]
[2019-01-03 11:17:38,081][Thread-158:12612][task_id:django.server][basehttp.py:124][INFO]["GET /static/jquery/1.9.1/jquery.min.js HTTP/1.1" 200 92629]
[2019-01-03 11:17:38,081][Thread-158:12612][task_id:django.server][basehttp.py:124][INFO]["GET /static/jquery/1.9.1/jquery.min.js HTTP/1.1" 200 92629]
[2019-01-03 11:17:38,095][Thread-159:6944][task_id:django.server][basehttp.py:124][INFO]["GET /static/h-ui.admin/js/H-ui.admin.page.js HTTP/1.1" 200 3687]
[2019-01-03 11:17:38,095][Thread-159:6944][task_id:django.server][basehttp.py:124][INFO]["GET /static/h-ui.admin/js/H-ui.admin.page.js HTTP/1.1" 200 3687]
[2019-01-03 11:17:38,540][Thread-161:4560][task_id:django.server][basehttp.py:124][INFO]["GET /static/js/echarts.js HTTP/1.1" 200 3163092]
[2019-01-03 11:17:38,540][Thread-161:4560][task_id:django.server][basehttp.py:124][INFO]["GET /static/js/echarts.js HTTP/1.1" 200 3163092]
[2019-01-03 11:17:38,958][Thread-162:5288][task_id:django.server][basehttp.py:124][INFO]["GET /static/My97DatePicker/4.8/skin/WdatePicker.css HTTP/1.1" 200 144]
[2019-01-03 11:17:38,958][Thread-162:5288][task_id:django.server][basehttp.py:124][INFO]["GET /static/My97DatePicker/4.8/skin/WdatePicker.css HTTP/1.1" 200 144]
[2019-01-03 11:17:39,086][Thread-164:12540][task_id:django.server][basehttp.py:124][INFO]["GET /static/Hui-iconfont/1.0.8/iconfont.woff HTTP/1.1" 200 80688]
[2019-01-03 11:17:39,086][Thread-164:12540][task_id:django.server][basehttp.py:124][INFO]["GET /static/Hui-iconfont/1.0.8/iconfont.woff HTTP/1.1" 200 80688]
[2019-01-03 11:17:39,101][Thread-163:2136][task_id:django.server][basehttp.py:124][INFO]["GET /static/layer/2.4/skin/layer.css HTTP/1.1" 200 14048]
[2019-01-03 11:17:39,101][Thread-163:2136][task_id:django.server][basehttp.py:124][INFO]["GET /static/layer/2.4/skin/layer.css HTTP/1.1" 200 14048]
[2019-01-03 11:17:39,342][Thread-165:4604][task_id:django.server][basehttp.py:124][INFO]["GET /static/h-ui.admin/skin/default/icon_arrow.png HTTP/1.1" 200 1484]
[2019-01-03 11:17:39,342][Thread-165:4604][task_id:django.server][basehttp.py:124][INFO]["GET /static/h-ui.admin/skin/default/icon_arrow.png HTTP/1.1" 200 1484]
